Using pre-set license
Built from '2020.3/staging' branch; Version is '2020.3.3f1 (76626098c1c4) revision 7758432'; Using compiler version '192528614'; Build Type 'Release'
OS: 'Windows 10 Home; OS build 19041.985; Version 2004; 64bit' Language: 'en' Physical Memory: 8078 MB
BatchMode: 1, IsHumanControllingUs: 0, StartBugReporterOnCrash: 0, Is64bit: 1, IsPro: 0

 COMMAND LINE ARGUMENTS:
C:\Program Files\Unity\Hub\Editor\2020.3.3f1\Editor\Unity.exe
-adb2
-batchMode
-noUpm
-name
AssetImportWorker0
-projectPath
C:/Users/Benja/OneDrive/Documents/Unity/GAM-CW2
-logFile
Logs/AssetImportWorker0.log
-srvPort
61618
Successfully changed project path to: C:/Users/Benja/OneDrive/Documents/Unity/GAM-CW2
C:/Users/Benja/OneDrive/Documents/Unity/GAM-CW2
Using Asset Import Pipeline V2.
Refreshing native plugins compatible for Editor in 154.94 ms, found 0 plugins.
Preloading 0 native plugins for Editor in 0.00 ms.
Initialize engine version: 2020.3.3f1 (76626098c1c4)
[Subsystems] Discovering subsystems at path C:/Program Files/Unity/Hub/Editor/2020.3.3f1/Editor/Data/Resources/UnitySubsystems
[Subsystems] Discovering subsystems at path C:/Users/Benja/OneDrive/Documents/Unity/GAM-CW2/Assets
GfxDevice: creating device client; threaded=0
Direct3D:
    Version:  Direct3D 11.0 [level 11.1]
    Renderer: Intel(R) HD Graphics 620 (ID=0x5916)
    Vendor:   
    VRAM:     4039 MB
    Driver:   22.20.16.4836
Initialize mono
Mono path[0] = 'C:/Program Files/Unity/Hub/Editor/2020.3.3f1/Editor/Data/Managed'
Mono path[1] = 'C:/Program Files/Unity/Hub/Editor/2020.3.3f1/Editor/Data/MonoBleedingEdge/lib/mono/unityjit'
Mono config path = 'C:/Program Files/Unity/Hub/Editor/2020.3.3f1/Editor/Data/MonoBleedingEdge/etc'
Using monoOptions --debugger-agent=transport=dt_socket,embedding=1,server=y,suspend=n,address=127.0.0.1:56352
Begin MonoManager ReloadAssembly
Registering precompiled unity dll's ...
Register platform support module: C:/Program Files/Unity/Hub/Editor/2020.3.3f1/Editor/Data/PlaybackEngines/WindowsStandaloneSupport/UnityEditor.WindowsStandalone.Extensions.dll
Registered in 0.016172 seconds.
Native extension for WindowsStandalone target not found
Refreshing native plugins compatible for Editor in 168.39 ms, found 0 plugins.
Preloading 0 native plugins for Editor in 0.00 ms.
Invoked RoslynAnalysisRunner static constructor.
RoslynAnalysisRunner will not be running.
RoslynAnalysisRunner has terminated.
Mono: successfully reloaded assembly
- Completed reload, in  4.262 seconds
Platform modules already initialized, skipping
Registering precompiled user dll's ...
Registered in 0.002492 seconds.
Begin MonoManager ReloadAssembly
Native extension for WindowsStandalone target not found
Refreshing native plugins compatible for Editor in 0.48 ms, found 0 plugins.
Preloading 0 native plugins for Editor in 0.00 ms.
Invoked RoslynAnalysisRunner static constructor.
RoslynAnalysisRunner will not be running.
RoslynAnalysisRunner has terminated.
Mono: successfully reloaded assembly
- Completed reload, in  1.747 seconds
Platform modules already initialized, skipping
========================================================================
Worker process is ready to serve import requests
Launched and connected shader compiler UnityShaderCompiler.exe after 0.09 seconds
Refreshing native plugins compatible for Editor in 0.90 ms, found 0 plugins.
Preloading 0 native plugins for Editor in 0.00 ms.
Unloading 1669 Unused Serialized files (Serialized files now loaded: 0)
System memory in use before: 176.8 MB.
System memory in use after: 175.9 MB.

Unloading 92 unused Assets to reduce memory usage. Loaded Objects now: 2130.
Total: 5.277200 ms (FindLiveObjects: 0.711000 ms CreateObjectMapping: 0.261300 ms MarkObjects: 3.031500 ms  DeleteObjects: 1.271300 ms)

========================================================================
Received Import Request.
  path: Assets/Prefabs/Player.prefab
  artifactKey: Guid(8ba459e92c50f534fb65d87f7fb37652) Importer(815301076,1909f56bfc062723c751e8b465ee728b)
Start importing Assets/Prefabs/Player.prefab using Guid(8ba459e92c50f534fb65d87f7fb37652) Importer(815301076,1909f56bfc062723c751e8b465ee728b)  -> (artifact id: '09b49a594d0391651e9d6d93078ead06') in 0.160102 seconds
  Import took 0.180311 seconds .

========================================================================
Received Import Request.
  Time since last request: 0.000306 seconds.
  path: Assets/Scenes/Level2.unity
  artifactKey: Guid(27dbb32ed3ddcc44c94146f83a39e137) Importer(815301076,1909f56bfc062723c751e8b465ee728b)
Start importing Assets/Scenes/Level2.unity using Guid(27dbb32ed3ddcc44c94146f83a39e137) Importer(815301076,1909f56bfc062723c751e8b465ee728b)  -> (artifact id: 'cce788c7bba15207fb8b45c740ab6373') in 0.028780 seconds
  Import took 0.042278 seconds .

========================================================================
Received Import Request.
  Time since last request: 0.000097 seconds.
  path: Assets/Scenes/Level1.unity
  artifactKey: Guid(9a30f5ce7e5d82e438ab65cbaacc9687) Importer(815301076,1909f56bfc062723c751e8b465ee728b)
Start importing Assets/Scenes/Level1.unity using Guid(9a30f5ce7e5d82e438ab65cbaacc9687) Importer(815301076,1909f56bfc062723c751e8b465ee728b)  -> (artifact id: '16ce591937d204aac9ae4118d3744fb1') in 0.042743 seconds
  Import took 0.065774 seconds .

========================================================================
Received Import Request.
  Time since last request: 3.611343 seconds.
  path: Assets/Scripts/Player.cs
  artifactKey: Guid(1854fb10e0a7d1d43b210ecba2252246) Importer(815301076,1909f56bfc062723c751e8b465ee728b)
Start importing Assets/Scripts/Player.cs using Guid(1854fb10e0a7d1d43b210ecba2252246) Importer(815301076,1909f56bfc062723c751e8b465ee728b)  -> (artifact id: '619515a99bb44aa0d752d80cb13dd3d7') in 0.037196 seconds
  Import took 0.054499 seconds .

========================================================================
Received Prepare
Registering precompiled user dll's ...
Registered in 0.001240 seconds.
Begin MonoManager ReloadAssembly
Native extension for WindowsStandalone target not found
Refreshing native plugins compatible for Editor in 0.80 ms, found 0 plugins.
Preloading 0 native plugins for Editor in 0.00 ms.
Invoked RoslynAnalysisRunner static constructor.
RoslynAnalysisRunner will not be running.
RoslynAnalysisRunner has terminated.
Mono: successfully reloaded assembly
- Completed reload, in  1.861 seconds
Platform modules already initialized, skipping
Refreshing native plugins compatible for Editor in 2.01 ms, found 0 plugins.
Preloading 0 native plugins for Editor in 0.00 ms.
Unloading 1640 Unused Serialized files (Serialized files now loaded: 0)
System memory in use before: 174.6 MB.
System memory in use after: 173.8 MB.

Unloading 87 unused Assets to reduce memory usage. Loaded Objects now: 2135.
Total: 14.537600 ms (FindLiveObjects: 0.366200 ms CreateObjectMapping: 0.228100 ms MarkObjects: 12.135200 ms  DeleteObjects: 1.804000 ms)

========================================================================
Received Import Request.
  Time since last request: 96.527533 seconds.
  path: Assets/Scenes/Level3.unity
  artifactKey: Guid(7a505b326f15d724c812c4e4bbd111dc) Importer(815301076,1909f56bfc062723c751e8b465ee728b)
Start importing Assets/Scenes/Level3.unity using Guid(7a505b326f15d724c812c4e4bbd111dc) Importer(815301076,1909f56bfc062723c751e8b465ee728b)  -> (artifact id: 'd6b6bb35e41cc90da8fa2662d5ab4e56') in 0.155324 seconds
  Import took 0.231949 seconds .

========================================================================
Received Prepare
Registering precompiled user dll's ...
Registered in 0.002014 seconds.
Begin MonoManager ReloadAssembly
Native extension for WindowsStandalone target not found
Refreshing native plugins compatible for Editor in 0.97 ms, found 0 plugins.
Preloading 0 native plugins for Editor in 0.00 ms.
Invoked RoslynAnalysisRunner static constructor.
RoslynAnalysisRunner will not be running.
RoslynAnalysisRunner has terminated.
Mono: successfully reloaded assembly
- Completed reload, in  3.282 seconds
Platform modules already initialized, skipping
Refreshing native plugins compatible for Editor in 1.41 ms, found 0 plugins.
Preloading 0 native plugins for Editor in 0.00 ms.
Unloading 1640 Unused Serialized files (Serialized files now loaded: 0)
System memory in use before: 174.6 MB.
System memory in use after: 173.8 MB.

Unloading 87 unused Assets to reduce memory usage. Loaded Objects now: 2138.
Total: 11.110600 ms (FindLiveObjects: 0.679700 ms CreateObjectMapping: 0.270700 ms MarkObjects: 4.714100 ms  DeleteObjects: 5.438800 ms)

========================================================================
Received Prepare
Registering precompiled user dll's ...
Registered in 0.001873 seconds.
Begin MonoManager ReloadAssembly
Native extension for WindowsStandalone target not found
Refreshing native plugins compatible for Editor in 1.50 ms, found 0 plugins.
Preloading 0 native plugins for Editor in 0.00 ms.
Invoked RoslynAnalysisRunner static constructor.
RoslynAnalysisRunner will not be running.
RoslynAnalysisRunner has terminated.
Mono: successfully reloaded assembly
- Completed reload, in  2.322 seconds
Platform modules already initialized, skipping
Refreshing native plugins compatible for Editor in 0.87 ms, found 0 plugins.
Preloading 0 native plugins for Editor in 0.00 ms.
Unloading 1640 Unused Serialized files (Serialized files now loaded: 0)
System memory in use before: 174.6 MB.
System memory in use after: 173.8 MB.

Unloading 87 unused Assets to reduce memory usage. Loaded Objects now: 2141.
Total: 9.215700 ms (FindLiveObjects: 2.610600 ms CreateObjectMapping: 0.310600 ms MarkObjects: 4.962800 ms  DeleteObjects: 1.329500 ms)

========================================================================
Received Import Request.
  Time since last request: 377.176645 seconds.
  path: Assets/Scenes/Level2.unity
  artifactKey: Guid(27dbb32ed3ddcc44c94146f83a39e137) Importer(815301076,1909f56bfc062723c751e8b465ee728b)
Start importing Assets/Scenes/Level2.unity using Guid(27dbb32ed3ddcc44c94146f83a39e137) Importer(815301076,1909f56bfc062723c751e8b465ee728b)  -> (artifact id: 'd85e99d9368858bef293d4417f55cb70') in 0.023073 seconds
  Import took 0.034050 seconds .

========================================================================
Received Prepare
Registering precompiled user dll's ...
Registered in 0.002506 seconds.
Begin MonoManager ReloadAssembly
Native extension for WindowsStandalone target not found
Refreshing native plugins compatible for Editor in 1.81 ms, found 0 plugins.
Preloading 0 native plugins for Editor in 0.00 ms.
Invoked RoslynAnalysisRunner static constructor.
RoslynAnalysisRunner will not be running.
RoslynAnalysisRunner has terminated.
Mono: successfully reloaded assembly
- Completed reload, in  4.148 seconds
Platform modules already initialized, skipping
Refreshing native plugins compatible for Editor in 0.76 ms, found 0 plugins.
Preloading 0 native plugins for Editor in 0.00 ms.
Unloading 1640 Unused Serialized files (Serialized files now loaded: 0)
System memory in use before: 174.3 MB.
System memory in use after: 173.5 MB.

Unloading 87 unused Assets to reduce memory usage. Loaded Objects now: 2144.
Total: 6.109900 ms (FindLiveObjects: 0.325900 ms CreateObjectMapping: 0.732500 ms MarkObjects: 3.901700 ms  DeleteObjects: 1.148000 ms)

========================================================================
Received Prepare
Refreshing native plugins compatible for Editor in 1.97 ms, found 0 plugins.
Preloading 0 native plugins for Editor in 0.00 ms.
Unloading 27 Unused Serialized files (Serialized files now loaded: 0)
System memory in use before: 142.3 MB.
System memory in use after: 141.5 MB.

Unloading 26 unused Assets to reduce memory usage. Loaded Objects now: 2144.
Total: 5.804200 ms (FindLiveObjects: 0.474900 ms CreateObjectMapping: 0.125500 ms MarkObjects: 3.924500 ms  DeleteObjects: 1.277600 ms)

========================================================================
Received Prepare
Registering precompiled user dll's ...
Registered in 0.001406 seconds.
Begin MonoManager ReloadAssembly
Native extension for WindowsStandalone target not found
Refreshing native plugins compatible for Editor in 0.82 ms, found 0 plugins.
Preloading 0 native plugins for Editor in 0.00 ms.
Invoked RoslynAnalysisRunner static constructor.
RoslynAnalysisRunner will not be running.
RoslynAnalysisRunner has terminated.
Mono: successfully reloaded assembly
- Completed reload, in  2.430 seconds
Platform modules already initialized, skipping
Refreshing native plugins compatible for Editor in 1.12 ms, found 0 plugins.
Preloading 0 native plugins for Editor in 0.00 ms.
Unloading 1640 Unused Serialized files (Serialized files now loaded: 0)
System memory in use before: 174.4 MB.
System memory in use after: 173.5 MB.

Unloading 87 unused Assets to reduce memory usage. Loaded Objects now: 2147.
Total: 8.209300 ms (FindLiveObjects: 0.453400 ms CreateObjectMapping: 0.187900 ms MarkObjects: 5.311400 ms  DeleteObjects: 2.253900 ms)

========================================================================
Received Prepare
Registering precompiled user dll's ...
Registered in 0.001871 seconds.
Begin MonoManager ReloadAssembly
Native extension for WindowsStandalone target not found
Refreshing native plugins compatible for Editor in 0.48 ms, found 0 plugins.
Preloading 0 native plugins for Editor in 0.00 ms.
Invoked RoslynAnalysisRunner static constructor.
RoslynAnalysisRunner will not be running.
RoslynAnalysisRunner has terminated.
Mono: successfully reloaded assembly
- Completed reload, in  2.217 seconds
Platform modules already initialized, skipping
Refreshing native plugins compatible for Editor in 0.84 ms, found 0 plugins.
Preloading 0 native plugins for Editor in 0.00 ms.
Unloading 1640 Unused Serialized files (Serialized files now loaded: 0)
System memory in use before: 174.4 MB.
System memory in use after: 173.5 MB.

Unloading 87 unused Assets to reduce memory usage. Loaded Objects now: 2150.
Total: 41.839200 ms (FindLiveObjects: 0.768100 ms CreateObjectMapping: 0.322400 ms MarkObjects: 8.593000 ms  DeleteObjects: 32.153200 ms)

========================================================================
Received Import Request.
  Time since last request: 1054.826514 seconds.
  path: Assets/Scenes/MenuScene.unity
  artifactKey: Guid(55f44836311b4d348843ba93f3d21031) Importer(815301076,1909f56bfc062723c751e8b465ee728b)
Start importing Assets/Scenes/MenuScene.unity using Guid(55f44836311b4d348843ba93f3d21031) Importer(815301076,1909f56bfc062723c751e8b465ee728b)  -> (artifact id: '940f67c2d2b20adf68d1ee10f6acf5eb') in 0.044637 seconds
  Import took 0.059563 seconds .

========================================================================
Received Prepare
Registering precompiled user dll's ...
Registered in 0.001937 seconds.
Begin MonoManager ReloadAssembly
Native extension for WindowsStandalone target not found
Refreshing native plugins compatible for Editor in 1.55 ms, found 0 plugins.
Preloading 0 native plugins for Editor in 0.00 ms.
Invoked RoslynAnalysisRunner static constructor.
RoslynAnalysisRunner will not be running.
RoslynAnalysisRunner has terminated.
Mono: successfully reloaded assembly
- Completed reload, in  8.324 seconds
Platform modules already initialized, skipping
Refreshing native plugins compatible for Editor in 0.77 ms, found 0 plugins.
Preloading 0 native plugins for Editor in 0.00 ms.
Unloading 1640 Unused Serialized files (Serialized files now loaded: 0)
System memory in use before: 174.4 MB.
System memory in use after: 173.5 MB.

Unloading 87 unused Assets to reduce memory usage. Loaded Objects now: 2153.
Total: 9.578500 ms (FindLiveObjects: 1.725700 ms CreateObjectMapping: 0.209600 ms MarkObjects: 6.450900 ms  DeleteObjects: 1.189800 ms)

========================================================================
Received Prepare
Refreshing native plugins compatible for Editor in 2.86 ms, found 0 plugins.
Preloading 0 native plugins for Editor in 0.00 ms.
Unloading 27 Unused Serialized files (Serialized files now loaded: 0)
System memory in use before: 142.3 MB.
System memory in use after: 141.5 MB.

Unloading 26 unused Assets to reduce memory usage. Loaded Objects now: 2153.
Total: 6.013400 ms (FindLiveObjects: 0.328700 ms CreateObjectMapping: 0.203400 ms MarkObjects: 3.970100 ms  DeleteObjects: 1.508500 ms)

========================================================================
Received Import Request.
  Time since last request: 1133.423392 seconds.
  path: Assets/Scenes/Level3.unity
  artifactKey: Guid(7a505b326f15d724c812c4e4bbd111dc) Importer(815301076,1909f56bfc062723c751e8b465ee728b)
Start importing Assets/Scenes/Level3.unity using Guid(7a505b326f15d724c812c4e4bbd111dc) Importer(815301076,1909f56bfc062723c751e8b465ee728b)  -> (artifact id: '4771b1c7577c3db76265ffa41d7d6233') in 0.050436 seconds
  Import took 0.060229 seconds .

========================================================================
Received Import Request.
  Time since last request: 23.200479 seconds.
  path: Assets/Scenes/DeathScene.unity
  artifactKey: Guid(ca437be711240664db9971c03dcb15af) Importer(815301076,1909f56bfc062723c751e8b465ee728b)
Start importing Assets/Scenes/DeathScene.unity using Guid(ca437be711240664db9971c03dcb15af) Importer(815301076,1909f56bfc062723c751e8b465ee728b)  -> (artifact id: 'cb7f5f9634e997dca83afc2ff6ecd578') in 0.109074 seconds
  Import took 0.116613 seconds .

========================================================================
Received Prepare
Registering precompiled user dll's ...
Registered in 0.001420 seconds.
Begin MonoManager ReloadAssembly
Native extension for WindowsStandalone target not found
Refreshing native plugins compatible for Editor in 0.56 ms, found 0 plugins.
Preloading 0 native plugins for Editor in 0.00 ms.
Invoked RoslynAnalysisRunner static constructor.
RoslynAnalysisRunner will not be running.
RoslynAnalysisRunner has terminated.
Mono: successfully reloaded assembly
- Completed reload, in  1.715 seconds
Platform modules already initialized, skipping
Refreshing native plugins compatible for Editor in 1.93 ms, found 0 plugins.
Preloading 0 native plugins for Editor in 0.00 ms.
Unloading 1640 Unused Serialized files (Serialized files now loaded: 0)
System memory in use before: 174.4 MB.
System memory in use after: 173.6 MB.

Unloading 87 unused Assets to reduce memory usage. Loaded Objects now: 2156.
Total: 24.316800 ms (FindLiveObjects: 0.328300 ms CreateObjectMapping: 0.124000 ms MarkObjects: 22.265400 ms  DeleteObjects: 1.596900 ms)

========================================================================
Received Prepare
Refreshing native plugins compatible for Editor in 1.95 ms, found 0 plugins.
Preloading 0 native plugins for Editor in 0.00 ms.
Unloading 27 Unused Serialized files (Serialized files now loaded: 0)
System memory in use before: 142.3 MB.
System memory in use after: 141.5 MB.

Unloading 26 unused Assets to reduce memory usage. Loaded Objects now: 2156.
Total: 6.624900 ms (FindLiveObjects: 0.710300 ms CreateObjectMapping: 0.607900 ms MarkObjects: 3.878300 ms  DeleteObjects: 1.425400 ms)

AssetImportWorkerClient::OnTransportError - code=2 error=End of file
